<?xml version="1.0" encoding="UTF-8"?>
<testsuite name="view.ViewTest" time="0.005" tests="8" errors="0" skipped="0" failures="0">
  <properties>
[...]
</properties>
  <testcase name="testRun" classname="view.ViewTest" time="0.005"/>
  <testcase name="testView" classname="view.ViewTest" time="0"/>
  <testcase name="testDrawDiamondcollected" classname="view.ViewTest" time="0"/>
  <testcase name="testDrawStep" classname="view.ViewTest" time="0"/>
  <testcase name="testkeyReleased" classname="view.ViewTest" time="0"/>
  <testcase name="keyTyped" classname="view.ViewTest" time="0"/>
  <testcase name="testDisplayMessage" classname="view.ViewTest" time="0"/>
  <testcase name="testkeyPressed" classname="view.ViewTest" time="0"/>
</testsuite>